[debug] [2022-03-26T04:41:58.423Z] ----------------------------------------------------------------------
[debug] [2022-03-26T04:41:58.429Z] Command:       E:\Program Files (x86)\NodeJS\node.exe C:\Users\Brian Admininstator\AppData\Roaming\npm\node_modules\firebase-tools\lib\bin\firebase.js deploy
[debug] [2022-03-26T04:41:58.430Z] CLI Version:   10.2.2
[debug] [2022-03-26T04:41:58.431Z] Platform:      win32
[debug] [2022-03-26T04:41:58.431Z] Node Version:  v16.14.0
[debug] [2022-03-26T04:41:58.498Z] Time:          Fri Mar 25 2022 23:41:58 GMT-0500 (Central Daylight Time)
[debug] [2022-03-26T04:41:58.498Z] ----------------------------------------------------------------------
[debug] 
[debug] [2022-03-26T04:41:58.726Z] > command requires scopes: ["email","openid","https://www.googleapis.com/auth/cloudplatformprojects.readonly","https://www.googleapis.com/auth/firebase","https://www.googleapis.com/auth/cloud-platform"]
[debug] [2022-03-26T04:41:58.727Z] > authorizing via signed-in user (clintonrivertraffic@gmail.com)
[debug] [2022-03-26T04:41:58.727Z] [iam] checking project mdm-qcrt-demo-1 for permissions ["cloudfunctions.functions.create","cloudfunctions.functions.delete","cloudfunctions.functions.get","cloudfunctions.functions.list","cloudfunctions.functions.update","cloudfunctions.operations.get","firebase.projects.get","firebasehosting.sites.update","firebaserules.releases.create","firebaserules.releases.update","firebaserules.rulesets.create"]
[debug] [2022-03-26T04:41:58.746Z] > refreshing access token with scopes: []
[debug] [2022-03-26T04:41:58.748Z] >>> HTTP REQUEST POST https://www.googleapis.com/oauth2/v3/token  
 <request body omitted>
[debug] [2022-03-26T04:41:59.188Z] <<< HTTP RESPONSE 200 {"pragma":"no-cache","date":"Sat, 26 Mar 2022 04:41:59 GMT","cache-control":"no-cache, no-store, max-age=0, must-revalidate","expires":"Mon, 01 Jan 1990 00:00:00 GMT","content-type":"application/json; charset=utf-8","vary":"X-Origin, Referer, Origin,Accept-Encoding","server":"scaffolding on HTTPServer2","x-xss-protection":"0","x-frame-options":"SAMEORIGIN","x-content-type-options":"nosniff","alt-svc":"h3=\":443\"; ma=2592000,h3-29=\":443\"; ma=2592000,h3-Q050=\":443\"; ma=2592000,h3-Q046=\":443\"; ma=2592000,h3-Q043=\":443\"; ma=2592000,quic=\":443\"; ma=2592000; v=\"46,43\"","accept-ranges":"none","transfer-encoding":"chunked"}
[debug] [2022-03-26T04:41:59.352Z] >>> [apiv2][query] POST https://cloudresourcemanager.googleapis.com/v1/projects/mdm-qcrt-demo-1:testIamPermissions [none]
[debug] [2022-03-26T04:41:59.353Z] >>> [apiv2][body] POST https://cloudresourcemanager.googleapis.com/v1/projects/mdm-qcrt-demo-1:testIamPermissions {"permissions":["cloudfunctions.functions.create","cloudfunctions.functions.delete","cloudfunctions.functions.get","cloudfunctions.functions.list","cloudfunctions.functions.update","cloudfunctions.operations.get","firebase.projects.get","firebasehosting.sites.update","firebaserules.releases.create","firebaserules.releases.update","firebaserules.rulesets.create"]}
[debug] [2022-03-26T04:41:59.550Z] <<< [apiv2][status] POST https://cloudresourcemanager.googleapis.com/v1/projects/mdm-qcrt-demo-1:testIamPermissions 200
[debug] [2022-03-26T04:41:59.551Z] <<< [apiv2][body] POST https://cloudresourcemanager.googleapis.com/v1/projects/mdm-qcrt-demo-1:testIamPermissions {"permissions":["cloudfunctions.functions.create","cloudfunctions.functions.delete","cloudfunctions.functions.get","cloudfunctions.functions.list","cloudfunctions.functions.update","cloudfunctions.operations.get","firebase.projects.get","firebasehosting.sites.update","firebaserules.releases.create","firebaserules.releases.update","firebaserules.rulesets.create"]}
[debug] [2022-03-26T04:41:59.553Z] >>> [apiv2][query] POST https://iam.googleapis.com/v1/projects/mdm-qcrt-demo-1/serviceAccounts/mdm-qcrt-demo-1@appspot.gserviceaccount.com:testIamPermissions [none]
[debug] [2022-03-26T04:41:59.553Z] >>> [apiv2][body] POST https://iam.googleapis.com/v1/projects/mdm-qcrt-demo-1/serviceAccounts/mdm-qcrt-demo-1@appspot.gserviceaccount.com:testIamPermissions {"permissions":["iam.serviceAccounts.actAs"]}
[debug] [2022-03-26T04:41:59.740Z] <<< [apiv2][status] POST https://iam.googleapis.com/v1/projects/mdm-qcrt-demo-1/serviceAccounts/mdm-qcrt-demo-1@appspot.gserviceaccount.com:testIamPermissions 200
[debug] [2022-03-26T04:41:59.741Z] <<< [apiv2][body] POST https://iam.googleapis.com/v1/projects/mdm-qcrt-demo-1/serviceAccounts/mdm-qcrt-demo-1@appspot.gserviceaccount.com:testIamPermissions {"permissions":["iam.serviceAccounts.actAs"]}
[debug] [2022-03-26T04:41:59.743Z] >>> [apiv2][query] GET https://firebase.googleapis.com/v1beta1/projects/mdm-qcrt-demo-1 [none]
[debug] [2022-03-26T04:42:00.018Z] <<< [apiv2][status] GET https://firebase.googleapis.com/v1beta1/projects/mdm-qcrt-demo-1 200
